ACQ:  shared buffer memory: allocated : 65540 requested: 65540
ACQ:  shared par memory: allocated : 2048 requested: 2048
ACQ:  device open successful
ACQ:  Maximum buffer size 65536
ACQ:  Old buffer size 65536
ACQ: Number of channels 2
ACQ: Channels:  0 1
ACQ: Sampling rate                 : 5
ACQ: Number of Ranges: 4
ACQ: Parameters of range 0 is: -10.000000 10.000000 0
ACQ: Parameters of range 1 is: -5.000000 5.000000 0
ACQ: Parameters of range 2 is: -0.500000 0.500000 0
ACQ: Parameters of range 3 is: -0.050000 0.050000 0
ACQ: Selected Range                : 0
ACQ: Selected Range mininum data   : -10
ACQ: Selected Range count to volts : 0.00030518
ACQ:  cmd test return:  : 0
ACQ:  cmd flags:        : 2 0
ACQ:  cmd start_src:    : 2 2
ACQ:  cmd start_arg:    : 0 0
ACQ:  cmd scan_begin_src: 10 10
ACQ:  cmd scan_begin_arg: 5000000 10000000
ACQ:  cmd covert_src:   : 10 10
ACQ:  cmd convert_arg:  : 500000 3276750
ACQ:  cmd scan_end_src: : 20 20
ACQ:  cmd scan_end_arg: : 2 1
ACQ:  cmd stop_src:     : 1 20
ACQ:  cmd stop_arg:     : 0 2
ACQ:  shared buffer memory: allocated : 65540 requested: 65540
ACQ:  shared par memory: allocated : 2048 requested: 2048
ACQ:  Read bytes 4112
ACQ:  Read bytes 4112
ACQ:  Read bytes 4112
ACQ:  Read bytes 4112
ACQ:  Read bytes 4112
ACQ:  Read bytes 4090
ACQ:  Read bytes 4090
ACQ:  Read bytes 4098
ACQ:  Read bytes 4100
ACQ:  Read bytes 4102
ACQ:  Read bytes 4092
ACQ:  Read bytes 4096
ACQ:  Read bytes 4092
ACQ:  Read bytes 4092
ACQ:  Read bytes 4104
ACQ:  Read bytes 4020
ACQ:  Read bytes 76
ACQ:  Read bytes 4098
ACQ:  Read bytes 4096
ACQ:  Read bytes 4092
ACQ:  Read bytes 4096
ACQ:  Read bytes 4090
ACQ:  Read bytes 4108
ACQ:  Read bytes 4086
ACQ:  Read bytes 4100
ACQ:  Read bytes 4102
ACQ:  Read bytes 4090
ACQ:  Read bytes 4100
ACQ:  Read bytes 4092
ACQ:  Read bytes 4098
ACQ:  Read bytes 4096
ACQ:  Read bytes 4090
ACQ:  Read bytes 4026
ACQ:  Read bytes 74
ACQ:  Read bytes 4036
ACQ:  Read bytes 4112
ACQ:  Read bytes 4112
ACQ:  Read bytes 4112
ACQ:  Read bytes 4112
ACQ:  Read bytes 4092
ACQ:  Read bytes 4094
ACQ:  Read bytes 4098
ACQ:  Read bytes 4096
ACQ:  Read bytes 4096
ACQ:  Read bytes 4102
ACQ:  Read bytes 4092
ACQ:  Read bytes 4094
ACQ:  Read bytes 4112
ACQ:  Read bytes 4084
ACQ:  Read bytes 4018
ACQ:  Read bytes 82
ACQ:  Read bytes 4090
ACQ:  Read bytes 4094
ACQ:  Read bytes 4096
ACQ:  Read bytes 4102
ACQ:  Read bytes 4090
ACQ:  Read bytes 4098
ACQ:  Read bytes 4096
ACQ:  Read bytes 4094
ACQ:  Read bytes 4096
ACQ:  Read bytes 4096
ACQ:  Read bytes 4096
ACQ:  Read bytes 4096
ACQ:  Read bytes 4096
ACQ:  Read bytes 4096
ACQ:  Read bytes 4108
ACQ:  Read bytes 4010
ACQ:  Read bytes 74
ACQ:  Read bytes 4034
ACQ:  Read bytes 4112
ACQ:  Read bytes 4112
ACQ:  Read bytes 4112
ACQ:  Read bytes 4112
ACQ:  Read bytes 4094
ACQ:  Read bytes 4100
ACQ:  Read bytes 4088
ACQ:  Read bytes 4100
ACQ:  Read bytes 4098
ACQ:  Read bytes 4100
ACQ:  Read bytes 4092
ACQ:  Read bytes 4096
ACQ:  Read bytes 4092
ACQ:  Read bytes 4100
ACQ:  Read bytes 4020
ACQ:  Read bytes 74
ACQ:  Read bytes 4096
ACQ:  Read bytes 4098
ACQ:  Read bytes 4092
ACQ:  Read bytes 4100
ACQ:  Read bytes 4092
ACQ:  Read bytes 4102
ACQ:  Read bytes 4102
ACQ:  Read bytes 4086
ACQ:  Read bytes 4096
ACQ:  Read bytes 4096
ACQ:  Read bytes 4098
ACQ:  Read bytes 4094
ACQ:  Read bytes 4096
ACQ:  Read bytes 4096
ACQ:  Read bytes 4100
ACQ:  Read bytes 4018
ACQ:  Read bytes 72
ACQ:  Read bytes 4034
ACQ:  Read bytes 4112
ACQ:  Read bytes 4112
ACQ:  Read bytes 4112
ACQ:  Read bytes 4112
ACQ:  Read bytes 4100
ACQ:  Read bytes 4094
ACQ:  Read bytes 4092
ACQ:  Read bytes 4104
ACQ:  Read bytes 4090
ACQ:  Read bytes 4098
ACQ:  Read bytes 4094
ACQ:  Read bytes 4096
ACQ:  Read bytes 4096
ACQ:  Read bytes 4096
ACQ:  Read bytes 4022
ACQ:  Read bytes 76
ACQ:  Read bytes 4096
ACQ:  Read bytes 4096
ACQ:  Read bytes 4094
ACQ:  Read bytes 4094
ACQ:  Read bytes 4098
ACQ:  Read bytes 4098
ACQ:  Read bytes 4098
ACQ:  Read bytes 4094
ACQ:  Read bytes 4096
ACQ:  Read bytes 4094
ACQ:  Read bytes 4096
ACQ:  Read bytes 4094
ACQ:  Read bytes 4096
ACQ:  Read bytes 4098
ACQ:  Read bytes 4104
ACQ:  Read bytes 4014
ACQ:  Read bytes 80
ACQ:  Read bytes 4024
ACQ:  Read bytes 4112
ACQ:  Read bytes 4112
ACQ:  Read bytes 4112
ACQ:  Read bytes 4112
ACQ:  Read bytes 4098
ACQ:  Read bytes 4096
ACQ:  Read bytes 4096
ACQ:  Read bytes 4090
ACQ:  Read bytes 4100
ACQ:  Read bytes 4096
ACQ:  Read bytes 4102
ACQ:  Read bytes 4096
ACQ:  Read bytes 4086
ACQ:  Read bytes 4098
ACQ:  Read bytes 4026
ACQ:  Read bytes 76
ACQ:  Read bytes 4098
ACQ:  Read bytes 4094
ACQ:  Read bytes 4090
ACQ:  Read bytes 4102
ACQ:  Read bytes 4094
ACQ:  Read bytes 4094
ACQ:  Read bytes 4102
ACQ:  Read bytes 4092
ACQ:  Read bytes 4096
ACQ:  Read bytes 4098
ACQ:  Read bytes 4096
ACQ:  Read bytes 4094
ACQ:  Read bytes 4098
ACQ:  Read bytes 4096
ACQ:  Read bytes 4100
ACQ:  Read bytes 4016
ACQ:  Read bytes 72
ACQ:  Read bytes 4030
ACQ:  Read bytes 4112
ACQ:  Read bytes 4112
ACQ:  Read bytes 4112
ACQ:  Read bytes 4112
ACQ:  Read bytes 4100
ACQ:  Read bytes 4090
ACQ:  Read bytes 4104
ACQ:  Read bytes 4102
ACQ:  Read bytes 4092
ACQ:  Read bytes 4098
ACQ:  Read bytes 4094
ACQ:  Read bytes 4096
ACQ:  Read bytes 4092
ACQ:  Read bytes 4096
ACQ:  Read bytes 4022
ACQ:  Read bytes 76
ACQ:  Read bytes 4090
ACQ:  Read bytes 4100
ACQ:  Read bytes 4100
ACQ:  Read bytes 4092
ACQ:  Read bytes 4100
ACQ:  Read bytes 4090
ACQ:  Read bytes 4104
ACQ:  Read bytes 4088
ACQ:  Read bytes 4102
ACQ:  Read bytes 4096
ACQ:  Read bytes 4090
ACQ:  Read bytes 4100
ACQ:  Read bytes 4096
ACQ:  Read bytes 4094
ACQ:  Read bytes 4098
ACQ:  Read bytes 4020
ACQ:  Read bytes 76
ACQ:  Read bytes 4024
ACQ:  Read bytes 4112
ACQ:  Read bytes 4112
ACQ:  Read bytes 4112
ACQ:  Read bytes 4112
ACQ:  Read bytes 4102
ACQ:  Read bytes 4100
ACQ:  Read bytes 4094
ACQ:  Read bytes 4092
ACQ:  Read bytes 4100
ACQ:  Read bytes 4090
ACQ:  Read bytes 4102
ACQ:  Read bytes 4094
ACQ:  Read bytes 4098
ACQ:  Read bytes 4098
ACQ:  Read bytes 4018
ACQ:  Read bytes 74
ACQ:  Read bytes 4102
ACQ:  Read bytes 4090
ACQ:  Read bytes 4098
ACQ:  Read bytes 4094
ACQ:  Read bytes 4098
ACQ:  Read bytes 4100
ACQ:  Read bytes 4090
ACQ:  Read bytes 4094
ACQ:  Read bytes 4092
ACQ:  Read bytes 4104
ACQ:  Read bytes 4090
ACQ:  Read bytes 4100
ACQ:  Read bytes 4100
ACQ:  Read bytes 4092
ACQ:  Read bytes 4096
ACQ:  Read bytes 4022
ACQ:  Read bytes 76
ACQ:  Read bytes 4022
ACQ:  Read bytes 4112
ACQ:  Read bytes 4112
ACQ:  Read bytes 4112
ACQ:  Read bytes 4112
ACQ:  Read bytes 4112
ACQ:  Read bytes 4092
ACQ:  Read bytes 4092
ACQ:  Read bytes 4100
ACQ:  Read bytes 4092
ACQ:  Read bytes 4100
ACQ:  Read bytes 4094
ACQ:  Read bytes 4094
ACQ:  Read bytes 4098
ACQ:  Read bytes 4098
ACQ:  Read bytes 4018
ACQ:  Read bytes 74
ACQ:  Read bytes 4096
ACQ:  Read bytes 4096
ACQ:  Read bytes 4096
ACQ:  Read bytes 4098
ACQ:  Read bytes 4098
ACQ:  Read bytes 4092
ACQ:  Read bytes 4098
ACQ:  Read bytes 4098
ACQ:  Read bytes 4094
ACQ:  Read bytes 4094
ACQ:  Read bytes 4096
ACQ:  Read bytes 4096
ACQ:  Read bytes 4096
ACQ:  Read bytes 4098
ACQ:  Read bytes 4094
ACQ:  Read bytes 4022
ACQ:  Read bytes 76
ACQ:  Read bytes 4020
ACQ:  Read bytes 4112
ACQ:  Read bytes 4112
ACQ:  Read bytes 4112
ACQ:  Read bytes 4112
ACQ:  Read bytes 4112
ACQ:  Read bytes 4092
ACQ:  Read bytes 4096
ACQ:  Read bytes 4098
ACQ:  Read bytes 4092
ACQ:  Read bytes 4098
ACQ:  Read bytes 4096
ACQ:  Read bytes 4094
ACQ:  Read bytes 4098
ACQ:  Read bytes 4096
ACQ:  Read bytes 4020
ACQ:  Read bytes 78
ACQ:  Read bytes 4092
ACQ:  Read bytes 4096
ACQ:  Read bytes 4098
ACQ:  Read bytes 4092
ACQ:  Read bytes 4102
ACQ:  Read bytes 4092
ACQ:  Read bytes 4100
ACQ:  Read bytes 4094
ACQ:  Read bytes 4096
ACQ:  Read bytes 4094
ACQ:  Read bytes 4096
ACQ:  Read bytes 4098
ACQ:  Read bytes 4092
ACQ:  Read bytes 4098
ACQ:  Read bytes 4096
ACQ:  Read bytes 4022
ACQ:  Read bytes 76
ACQ:  Read bytes 4102
ACQ:  Read bytes 4028
ACQ:  Read bytes 4112
ACQ:  Read bytes 4112
ACQ:  Read bytes 4112
ACQ:  Read bytes 4112
ACQ:  Read bytes 4092
ACQ:  Read bytes 4096
ACQ:  Read bytes 4096
ACQ:  Read bytes 4098
ACQ:  Read bytes 4096
ACQ:  Read bytes 4096
ACQ:  Read bytes 4096
ACQ:  Read bytes 4096
ACQ:  Read bytes 4094
ACQ:  Read bytes 4022
ACQ:  Read bytes 74
ACQ:  Read bytes 4098
ACQ:  Read bytes 4096
ACQ:  Read bytes 4092
ACQ:  Read bytes 4102
ACQ:  Read bytes 4092
ACQ:  Read bytes 4098
ACQ:  Read bytes 4094
ACQ:  Read bytes 4096
ACQ:  Read bytes 4096
ACQ:  Read bytes 4096
ACQ:  Read bytes 4098
ACQ:  Read bytes 4094
ACQ:  Read bytes 4100
ACQ:  Read bytes 4092
ACQ:  Read bytes 4098
ACQ:  Read bytes 4020
ACQ:  Read bytes 74
ACQ:  Read bytes 4096
ACQ:  Read bytes 4034
ACQ:  Read bytes 4112
ACQ:  Read bytes 4112
ACQ:  Read bytes 4112
ACQ:  Read bytes 4112
ACQ:  Read bytes 4094
ACQ:  Read bytes 4100
ACQ:  Read bytes 4094
ACQ:  Read bytes 4094
ACQ:  Read bytes 4098
ACQ:  Read bytes 4094
ACQ:  Read bytes 4096
ACQ:  Read bytes 4096
ACQ:  Read bytes 4098
ACQ:  Read bytes 4020
ACQ:  Read bytes 74
ACQ:  Read bytes 4098
ACQ:  Read bytes 4098
ACQ:  Read bytes 4094
ACQ:  Read bytes 4094
ACQ:  Read bytes 4096
ACQ:  Read bytes 4098
ACQ:  Read bytes 4096
ACQ:  Read bytes 4100
ACQ:  Read bytes 4092
ACQ:  Read bytes 4094
ACQ:  Read bytes 4098
ACQ:  Read bytes 4092
ACQ:  Read bytes 4098
ACQ:  Read bytes 4094
ACQ:  Read bytes 4100
ACQ:  Read bytes 4020
ACQ:  Read bytes 72
ACQ:  Read bytes 4098
ACQ:  Read bytes 4032
ACQ:  Read bytes 4112
ACQ:  Read bytes 4112
ACQ:  Read bytes 4112
ACQ:  Read bytes 4112
ACQ:  Read bytes 4098
ACQ:  Read bytes 4092
ACQ:  Read bytes 4098
ACQ:  Read bytes 4098
ACQ:  Read bytes 4094
ACQ:  Read bytes 4100
ACQ:  Read bytes 4092
ACQ:  Read bytes 4098
ACQ:  Read bytes 4092
ACQ:  Read bytes 4024
ACQ:  Read bytes 74
ACQ:  Read bytes 4096
ACQ:  Read bytes 4098
ACQ:  Read bytes 4092
ACQ:  Read bytes 4098
ACQ:  Read bytes 4100
ACQ:  Read bytes 4092
ACQ:  Read bytes 4100
ACQ:  Read bytes 4092
ACQ:  Read bytes 4098
ACQ:  Read bytes 4094
ACQ:  Read bytes 4098
ACQ:  Read bytes 4096
ACQ:  Read bytes 4096
ACQ:  Read bytes 4164
ACQ:  Read bytes 4026
ACQ:  Read bytes 4022
ACQ:  Read bytes 74
ACQ:  Read bytes 4096
ACQ:  Read bytes 4030
ACQ:  Read bytes 4112
ACQ:  Read bytes 4112
ACQ:  Read bytes 4112
ACQ:  Read bytes 4112
ACQ:  Read bytes 4098
ACQ:  Read bytes 4098
ACQ:  Read bytes 4092
ACQ:  Read bytes 4098
ACQ:  Read bytes 4098
ACQ:  Read bytes 4096
ACQ:  Read bytes 4100
ACQ:  Read bytes 4094
ACQ:  Read bytes 4092
ACQ:  Read bytes 4022
ACQ:  Read bytes 74
ACQ:  Read bytes 4102
ACQ:  Read bytes 4090
ACQ:  Read bytes 4098
ACQ:  Read bytes 4094
ACQ:  Read bytes 4094
ACQ:  Read bytes 4100
ACQ:  Read bytes 4098
ACQ:  Read bytes 4096
ACQ:  Read bytes 4094
ACQ:  Read bytes 4094
ACQ:  Read bytes 4100
ACQ:  Read bytes 4092
ACQ:  Read bytes 4096
ACQ:  Read bytes 4100
ACQ:  Read bytes 4094
ACQ:  Read bytes 4020
ACQ:  Read bytes 70
ACQ:  Read bytes 4100
ACQ:  Read bytes 4028
ACQ:  Read bytes 4112
ACQ:  Read bytes 4112
ACQ:  Read bytes 4112
ACQ:  Read bytes 4112
ACQ:  Read bytes 4100
ACQ:  Read bytes 4098
ACQ:  Read bytes 4086
ACQ:  Read bytes 4104
ACQ:  Read bytes 4098
ACQ:  Read bytes 4096
ACQ:  Read bytes 4094
ACQ:  Read bytes 4098
ACQ:  Read bytes 4094
ACQ:  Read bytes 4022
ACQ:  Read bytes 74
ACQ:  Read bytes 4098
ACQ:  Read bytes 4094
ACQ:  Read bytes 4094
ACQ:  Read bytes 4100
ACQ:  Read bytes 4092
ACQ:  Read bytes 4098
ACQ:  Read bytes 4096
ACQ:  Read bytes 4104
ACQ:  Read bytes 4088
ACQ:  Read bytes 4094
ACQ:  Read bytes 4102
ACQ:  Read bytes 4092
ACQ:  Read bytes 4100
ACQ:  Read bytes 4092
ACQ:  Read bytes 4096
ACQ:  Read bytes 4022
ACQ:  Read bytes 78
ACQ:  Read bytes 4092
ACQ:  Read bytes 4026
ACQ:  Read bytes 4112
ACQ:  Read bytes 4112
ACQ:  Read bytes 4112
ACQ:  Read bytes 4112
ACQ:  Read bytes 4100
ACQ:  Read bytes 4098
ACQ:  Read bytes 4098
ACQ:  Read bytes 4096
ACQ:  Read bytes 4096
ACQ:  Read bytes 4094
ACQ:  Read bytes 4096
ACQ:  Read bytes 4096
ACQ:  Read bytes 4098
ACQ:  Read bytes 4020
ACQ:  Read bytes 72
ACQ:  Read bytes 4100
ACQ:  Read bytes 4092
ACQ:  Read bytes 4098
ACQ:  Read bytes 4098
ACQ:  Read bytes 4096
ACQ:  Read bytes 4094
ACQ:  Read bytes 4096
ACQ:  Read bytes 4098
ACQ:  Read bytes 4098
ACQ:  Read bytes 4094
ACQ:  Read bytes 4104
ACQ:  Read bytes 4088
ACQ:  Read bytes 4094
ACQ:  Read bytes 4094
ACQ:  Read bytes 4094
ACQ:  Read bytes 4026
ACQ:  Read bytes 76
ACQ:  Read bytes 4092
ACQ:  Read bytes 4026
ACQ:  Read bytes 4112
ACQ:  Read bytes 4112
ACQ:  Read bytes 4112
ACQ:  Read bytes 4112
ACQ:  Read bytes 4106
ACQ:  Read bytes 4094
ACQ:  Read bytes 4094
ACQ:  Read bytes 4100
ACQ:  Read bytes 4098
ACQ:  Read bytes 4096
ACQ:  Read bytes 4090
ACQ:  Read bytes 4096
ACQ:  Read bytes 4098
ACQ:  Read bytes 4022
ACQ:  Read bytes 74
ACQ:  Read bytes 4098
ACQ:  Read bytes 4090
ACQ:  Read bytes 4102
ACQ:  Read bytes 4094
ACQ:  Read bytes 4102
ACQ:  Read bytes 4092
ACQ:  Read bytes 4094
ACQ:  Read bytes 4096
ACQ:  Read bytes 4098
ACQ:  Read bytes 4098
ACQ:  Read bytes 4092
ACQ:  Read bytes 4094
ACQ:  Read bytes 4100
ACQ:  Read bytes 4094
ACQ:  Read bytes 4098
ACQ:  Read bytes 4020
ACQ:  Read bytes 74
ACQ:  Read bytes 4098
ACQ:  Read bytes 4020
ACQ:  Read bytes 4112
ACQ:  Read bytes 4112
ACQ:  Read bytes 4112
ACQ:  Read bytes 4112
ACQ:  Read bytes 4108
ACQ:  Read bytes 4094
ACQ:  Read bytes 4100
ACQ:  Read bytes 4092
ACQ:  Read bytes 4094
ACQ:  Read bytes 4100
ACQ:  Read bytes 4094
ACQ:  Read bytes 4098
ACQ:  Read bytes 4094
ACQ:  Read bytes 4022
ACQ:  Read bytes 76
ACQ:  Read bytes 4094
ACQ:  Read bytes 4092
ACQ:  Read bytes 4104
ACQ:  Read bytes 4086
ACQ:  Read bytes 4104
ACQ:  Read bytes 4098
ACQ:  Read bytes 4096
ACQ:  Read bytes 4092
ACQ:  Read bytes 4098
ACQ:  Read bytes 4094
ACQ:  Read bytes 4100
ACQ:  Read bytes 4098
ACQ:  Read bytes 4092
ACQ:  Read bytes 4092
ACQ:  Read bytes 4100
ACQ:  Read bytes 4020
ACQ:  Read bytes 76
ACQ:  Read bytes 4098
ACQ:  Read bytes 4092
ACQ:  Read bytes 4036
ACQ:  Read bytes 4112
ACQ:  Read bytes 4112
ACQ:  Read bytes 4112
ACQ:  Read bytes 4112
ACQ:  Read bytes 4096
ACQ:  Read bytes 4096
ACQ:  Read bytes 4092
ACQ:  Read bytes 4098
ACQ:  Read bytes 4094
ACQ:  Read bytes 4096
ACQ:  Read bytes 4092
ACQ:  Read bytes 4096
ACQ:  Read bytes 4026
ACQ:  Read bytes 76
ACQ:  Read bytes 4100
ACQ:  Read bytes 4084
ACQ:  Read bytes 4102
ACQ:  Read bytes 4098
ACQ:  Read bytes 4094
ACQ:  Read bytes 4094
ACQ:  Read bytes 4096
ACQ:  Read bytes 4098
ACQ:  Read bytes 4098
ACQ:  Read bytes 4094
ACQ:  Read bytes 4102
ACQ:  Read bytes 4090
ACQ:  Read bytes 4096
ACQ:  Read bytes 4098
ACQ:  Read bytes 4090
ACQ:  Read bytes 4026
ACQ:  Read bytes 76
ACQ:  Read bytes 4096
ACQ:  Read bytes 4094
ACQ:  Read bytes 4034
ACQ:  Read bytes 4112
ACQ:  Read bytes 4112
ACQ:  Read bytes 4112
ACQ:  Read bytes 4112
ACQ:  Read bytes 4094
ACQ:  Read bytes 4098
ACQ:  Read bytes 4094
ACQ:  Read bytes 4094
ACQ:  Read bytes 4098
ACQ:  Read bytes 4098
ACQ:  Read bytes 4102
ACQ:  Read bytes 4090
ACQ:  Read bytes 4020
ACQ:  Read bytes 74
ACQ:  Read bytes 4094
ACQ:  Read bytes 4100
ACQ:  Read bytes 4098
ACQ:  Read bytes 4090
ACQ:  Read bytes 4100
ACQ:  Read bytes 4094
ACQ:  Read bytes 4098
ACQ:  Read bytes 4092
ACQ:  Read bytes 4100
ACQ:  Read bytes 4096
ACQ:  Read bytes 4098
ACQ:  Read bytes 4094
ACQ:  Read bytes 4096
ACQ:  Read bytes 4092
ACQ:  Read bytes 4098
ACQ:  Read bytes 4022
ACQ:  Read bytes 76
ACQ:  Read bytes 4094
ACQ:  Read bytes 4098
ACQ:  Read bytes 4030
ACQ:  Read bytes 4112
ACQ:  Read bytes 4112
ACQ:  Read bytes 4112
ACQ:  Read bytes 4112
ACQ:  Read bytes 4098
ACQ:  Read bytes 4094
ACQ:  Read bytes 4094
ACQ:  Read bytes 4102
ACQ:  Read bytes 4100
ACQ:  Read bytes 4090
ACQ:  Read bytes 4096
ACQ:  Read bytes 4094
ACQ:  Read bytes 4022
ACQ:  Read bytes 78
ACQ:  Read bytes 4090
ACQ:  Read bytes 4098
ACQ:  Read bytes 4100
ACQ:  Read bytes 4092
ACQ:  Read bytes 4100
ACQ:  Read bytes 4092
ACQ:  Read bytes 4096
ACQ:  Read bytes 4096
ACQ:  Read bytes 4094
ACQ:  Read bytes 4100
ACQ:  Read bytes 4098
ACQ:  Read bytes 4094
ACQ:  Read bytes 4096
ACQ:  Read bytes 4100
ACQ:  Read bytes 4096
ACQ:  Read bytes 4016
ACQ:  Read bytes 74
ACQ:  Read bytes 4094
ACQ:  Read bytes 4092
ACQ:  Read bytes 4036
ACQ:  Read bytes 4112
ACQ:  Read bytes 4112
ACQ:  Read bytes 4112
ACQ:  Read bytes 4112
ACQ:  Read bytes 4100
ACQ:  Read bytes 4096
ACQ:  Read bytes 4098
ACQ:  Read bytes 4094
ACQ:  Read bytes 4094
ACQ:  Read bytes 4096
ACQ:  Read bytes 4098
ACQ:  Read bytes 4090
ACQ:  Read bytes 4026
ACQ:  Read bytes 74
ACQ:  Read bytes 4098
ACQ:  Read bytes 4096
ACQ:  Read bytes 4094
ACQ:  Read bytes 4102
ACQ:  Read bytes 4094
ACQ:  Read bytes 4094
ACQ:  Read bytes 4096
ACQ:  Read bytes 4108
ACQ:  Read bytes 4086
ACQ:  Read bytes 4092
ACQ:  Read bytes 4100
ACQ:  Read bytes 4090
ACQ:  Read bytes 4096
ACQ:  Read bytes 4108
ACQ:  Read bytes 4088
ACQ:  Read bytes 4020
ACQ:  Read bytes 76
ACQ:  Read bytes 4092
ACQ:  Read bytes 4098
ACQ:  Read bytes 4028
ACQ:  Read bytes 4112
ACQ:  Read bytes 4112
ACQ:  Read bytes 4112
ACQ:  Read bytes 4112
ACQ:  Read bytes 4102
ACQ:  Read bytes 4090
ACQ:  Read bytes 4100
ACQ:  Read bytes 4094
ACQ:  Read bytes 4098
ACQ:  Read bytes 4094
ACQ:  Read bytes 4098
ACQ:  Read bytes 4094
ACQ:  Read bytes 4024
ACQ:  Read bytes 76
ACQ:  Read bytes 4094
ACQ:  Read bytes 4102
ACQ:  Read bytes 4090
ACQ:  Read bytes 4098
ACQ:  Read bytes 4094
ACQ:  Read bytes 4098
ACQ:  Read bytes 4096
ACQ:  Read bytes 4098
ACQ:  Read bytes 4098
ACQ:  Read bytes 4092
ACQ:  Read bytes 4092
ACQ:  Read bytes 4098
ACQ:  Read bytes 4098
ACQ:  Read bytes 4094
ACQ:  Read bytes 4098
ACQ:  Read bytes 4020
ACQ:  Read bytes 76
ACQ:  Read bytes 4092
ACQ:  Read bytes 4098
ACQ:  Read bytes 4026
ACQ:  Read bytes 4112
ACQ:  Read bytes 4112
ACQ:  Read bytes 4112
ACQ:  Read bytes 4112
ACQ:  Read bytes 4112
ACQ:  Read bytes 4088
ACQ:  Read bytes 4090
ACQ:  Read bytes 4100
ACQ:  Read bytes 4094
ACQ:  Read bytes 4092
ACQ:  Read bytes 4106
ACQ:  Read bytes 4096
ACQ:  Read bytes 4018
ACQ:  Read bytes 76
ACQ:  Read bytes 4098
ACQ:  Read bytes 4092
ACQ:  Read bytes 4100
ACQ:  Read bytes 4096
ACQ:  Read bytes 4096
ACQ:  Read bytes 4090
ACQ:  Read bytes 4094
ACQ:  Read bytes 4104
ACQ:  Read bytes 4090
ACQ:  Read bytes 4098
ACQ:  Read bytes 4100
ACQ:  Read bytes 4094
ACQ:  Read bytes 4098
ACQ:  Read bytes 4098
ACQ:  Read bytes 4090
ACQ:  Read bytes 4022
ACQ:  Read bytes 88
ACQ:  Read bytes 4084
ACQ:  Read bytes 4094
ACQ:  Read bytes 4024
ACQ:  Read bytes 4112
ACQ:  Read bytes 4112
ACQ:  Read bytes 4112
ACQ:  Read bytes 4112
ACQ:  Read bytes 4110
ACQ:  Read bytes 4094
ACQ:  Read bytes 4098
ACQ:  Read bytes 4090
ACQ:  Read bytes 4096
ACQ:  Read bytes 4100
ACQ:  Read bytes 4092
ACQ:  Read bytes 4096
ACQ:  Read bytes 4022
ACQ:  Read bytes 76
ACQ:  Read bytes 4096
ACQ:  Read bytes 4092
ACQ:  Read bytes 4100
ACQ:  Read bytes 4106
ACQ:  Read bytes 4084
ACQ:  Read bytes 4094
ACQ:  Read bytes 4102
ACQ:  Read bytes 4094
ACQ:  Read bytes 4094
ACQ:  Read bytes 4098
ACQ:  Read bytes 4096
ACQ:  Read bytes 4096
ACQ:  Read bytes 4094
ACQ:  Read bytes 4098
ACQ:  Read bytes 4100
ACQ:  Read bytes 4016
ACQ:  Read bytes 76
ACQ:  Read bytes 4096
ACQ:  Read bytes 4094
ACQ:  Read bytes 4022
ACQ:  Read bytes 4112
ACQ:  Read bytes 4112
ACQ:  Read bytes 4112
ACQ:  Read bytes 4112
ACQ:  Read bytes 4112
ACQ:  Read bytes 4092
ACQ:  Read bytes 4096
ACQ:  Read bytes 4096
ACQ:  Read bytes 4092
ACQ:  Read bytes 4100
ACQ:  Read bytes 4096
ACQ:  Read bytes 4094
ACQ:  Read bytes 4022
ACQ:  Read bytes 78
ACQ:  Read bytes 4094
ACQ:  Read bytes 4096
ACQ:  Read bytes 4094
ACQ:  Read bytes 4096
ACQ:  Read bytes 4096
ACQ:  Read bytes 4098
ACQ:  Read bytes 4102
ACQ:  Read bytes 4086
ACQ:  Read bytes 4098
ACQ:  Read bytes 4100
ACQ:  Read bytes 4092
ACQ:  Read bytes 4100
ACQ:  Read bytes 4098
ACQ:  Read bytes 4094
ACQ:  Read bytes 4094
ACQ:  Read bytes 4020
ACQ:  Read bytes 74
ACQ:  Read bytes 4094
ACQ:  Read bytes 4098
ACQ:  Read bytes 4098
ACQ:  Read bytes 4034
ACQ:  Read bytes 4112
ACQ:  Read bytes 4112
ACQ:  Read bytes 4112
ACQ:  Read bytes 4112
ACQ:  Read bytes 4094
ACQ:  Read bytes 4094
ACQ:  Read bytes 4098
ACQ:  Read bytes 4094
ACQ:  Read bytes 4098
ACQ:  Read bytes 4092
ACQ:  Read bytes 4098
ACQ:  Read bytes 4022
ACQ:  Read bytes 74
ACQ:  Read bytes 4098
ACQ:  Read bytes 4098
ACQ:  Read bytes 4092
ACQ:  Read bytes 4098
ACQ:  Read bytes 4094
ACQ:  Read bytes 4098
ACQ:  Read bytes 4092
ACQ:  Read bytes 4098
ACQ:  Read bytes 4096
ACQ:  Read bytes 4094
ACQ:  Read bytes 4098
ACQ:  Read bytes 4096
ACQ:  Read bytes 4100
ACQ:  Read bytes 4096
ACQ:  Read bytes 4094
ACQ:  Read bytes 4020
ACQ:  Read bytes 78
ACQ:  Read bytes 4098
ACQ:  Read bytes 4094
ACQ:  Read bytes 4096
ACQ:  Read bytes 4030
ACQ:  Read bytes 4112
ACQ:  Read bytes 4112
ACQ:  Read bytes 4112
ACQ:  Read bytes 4112
ACQ:  Read bytes 4092
ACQ:  Read bytes 4100
ACQ:  Read bytes 4094
ACQ:  Read bytes 4100
ACQ:  Read bytes 4092
ACQ:  Read bytes 4104
ACQ:  Read bytes 4098
ACQ:  Read bytes 4012
ACQ:  Read bytes 74
ACQ:  Read bytes 4090
ACQ:  Read bytes 4100
ACQ:  Read bytes 4100
ACQ:  Read bytes 4100
ACQ:  Read bytes 4092
ACQ:  Read bytes 4096
ACQ:  Read bytes 4098
ACQ:  Read bytes 4092
ACQ:  Read bytes 4096
ACQ:  Read bytes 4096
ACQ:  Read bytes 4100
ACQ:  Read bytes 4098
ACQ:  Read bytes 4096
ACQ:  Read bytes 4090
ACQ:  Read bytes 4098
ACQ:  Read bytes 4020
ACQ:  Read bytes 74
ACQ:  Read bytes 4098
ACQ:  Read bytes 4096
ACQ:  Read bytes 4094
ACQ:  Read bytes 4032
ACQ:  Read bytes 4112
ACQ:  Read bytes 4112
ACQ:  Read bytes 4112
ACQ:  Read bytes 4112
ACQ:  Read bytes 4094
ACQ:  Read bytes 4100
ACQ:  Read bytes 4096
ACQ:  Read bytes 4096
ACQ:  Read bytes 4100
ACQ:  Read bytes 4090
ACQ:  Read bytes 4098
ACQ:  Read bytes 4020
ACQ:  Read bytes 76
ACQ:  Read bytes 4094
ACQ:  Read bytes 4100
ACQ:  Read bytes 4096
ACQ:  Read bytes 4094
ACQ:  Read bytes 4106
ACQ:  Read bytes 4084
ACQ:  Read bytes 4100
ACQ:  Read bytes 4104
ACQ:  Read bytes 4084
ACQ:  Read bytes 4100
ACQ:  Read bytes 4092
ACQ:  Read bytes 4096
ACQ:  Read bytes 4098
ACQ:  Read bytes 4096
ACQ:  Read bytes 4094
ACQ:  Read bytes 4022
ACQ:  Read bytes 76
ACQ:  Read bytes 4096
ACQ:  Read bytes 4094
ACQ:  Read bytes 4098
ACQ:  Read bytes 4028
ACQ:  Read bytes 4112
ACQ:  Read bytes 4112
ACQ:  Read bytes 4112
ACQ:  Read bytes 4112
ACQ:  Read bytes 4110
ACQ:  Read bytes 4088
ACQ:  Read bytes 4094
ACQ:  Read bytes 4094
ACQ:  Read bytes 4098
ACQ:  Read bytes 4096
ACQ:  Read bytes 4096
ACQ:  Read bytes 4020
ACQ:  Read bytes 76
ACQ:  Read bytes 4092
ACQ:  Read bytes 4100
ACQ:  Read bytes 4098
ACQ:  Read bytes 4094
ACQ:  Read bytes 4098
ACQ:  Read bytes 4096
ACQ:  Read bytes 4096
ACQ:  Read bytes 4094
ACQ:  Read bytes 4096
ACQ:  Read bytes 4096
ACQ:  Read bytes 4112
ACQ:  Read bytes 4082
ACQ:  Read bytes 4092
ACQ:  Read bytes 4098
ACQ:  Read bytes 4096
ACQ:  Read bytes 4020
ACQ:  Read bytes 76
ACQ:  Read bytes 4094
ACQ:  Read bytes 4100
ACQ:  Read bytes 4092
ACQ:  Read bytes 4028
ACQ:  Read bytes 4112
ACQ:  Read bytes 4112
ACQ:  Read bytes 4112
ACQ:  Read bytes 4112
ACQ:  Read bytes 4108
ACQ:  Read bytes 4092
ACQ:  Read bytes 4092
ACQ:  Read bytes 4098
ACQ:  Read bytes 4096
ACQ:  Read bytes 4094
ACQ:  Read bytes 4098
ACQ:  Read bytes 4020
ACQ:  Read bytes 76
ACQ:  Read bytes 4096
ACQ:  Read bytes 4094
ACQ:  Read bytes 4098
ACQ:  Read bytes 4094
ACQ:  Read bytes 4100
ACQ:  Read bytes 4104
ACQ:  Read bytes 4086
ACQ:  Read bytes 4096
ACQ:  Read bytes 4094
ACQ:  Read bytes 4102
ACQ:  Read bytes 4094
ACQ:  Read bytes 4094
ACQ:  Read bytes 4094
ACQ:  Read bytes 4096
ACQ:  Read bytes 4098
ACQ:  Read bytes 4020
ACQ:  Read bytes 76
ACQ:  Read bytes 4096
ACQ:  Read bytes 4098
ACQ:  Read bytes 4098
ACQ:  Read bytes 4020
ACQ:  Read bytes 4112
ACQ:  Read bytes 4112
ACQ:  Read bytes 4112
ACQ:  Read bytes 4112
ACQ:  Read bytes 4108
ACQ:  Read bytes 4094
ACQ:  Read bytes 4092
ACQ:  Read bytes 4100
ACQ:  Read bytes 4092
ACQ:  Read bytes 4102
ACQ:  Read bytes 4094
ACQ:  Read bytes 4018
ACQ:  Read bytes 82
ACQ:  Read bytes 4096
ACQ:  Read bytes 4088
ACQ:  Read bytes 4100
ACQ:  Read bytes 4092
ACQ:  Read bytes 4100
ACQ:  Read bytes 4092
ACQ:  Read bytes 4102
ACQ:  Read bytes 4096
ACQ:  Read bytes 4094
ACQ:  Read bytes 4092
ACQ:  Read bytes 4096
ACQ:  Read bytes 4100
ACQ:  Read bytes 4104
ACQ:  Read bytes 4090
ACQ:  Read bytes 4092
ACQ:  Read bytes 4020
ACQ:  Read bytes 80
ACQ:  Read bytes 4090
ACQ:  Read bytes 4098
ACQ:  Read bytes 4094
ACQ:  Read bytes 4024
ACQ:  Read bytes 4112
ACQ:  Read bytes 4112
ACQ:  Read bytes 4112
ACQ:  Read bytes 4112
ACQ:  Read bytes 4112
ACQ:  Read bytes 4100
ACQ:  Read bytes 4086
ACQ:  Read bytes 4098
ACQ:  Read bytes 4098
ACQ:  Read bytes 4096
ACQ:  Read bytes 4100
ACQ:  Read bytes 4012
ACQ:  Read bytes 76
ACQ:  Read bytes 4102
ACQ:  Read bytes 4090
ACQ:  Read bytes 4104
ACQ:  Read bytes 4090
ACQ:  Read bytes 4088
ACQ:  Read bytes 4102
ACQ:  Read bytes 4096
ACQ:  Read bytes 4094
ACQ:  Read bytes 4098
ACQ:  Read bytes 4098
ACQ:  Read bytes 4088
ACQ:  Read bytes 4106
ACQ:  Read bytes 4096
ACQ:  Read bytes 4092
ACQ:  Read bytes 4098
ACQ:  Read bytes 4018
ACQ:  Read bytes 76
ACQ:  Read bytes 4096
ACQ:  Read bytes 4096
ACQ:  Read bytes 4096
ACQ:  Read bytes 4020
ACQ:  Read bytes 4112
ACQ:  Read bytes 4112
ACQ:  Read bytes 4112
ACQ:  Read bytes 4112
ACQ:  Read bytes 4112
ACQ:  Read bytes 4100
ACQ:  Read bytes 4094
ACQ:  Read bytes 4090
ACQ:  Read bytes 4098
ACQ:  Read bytes 4092
ACQ:  Read bytes 4100
ACQ:  Read bytes 4018
ACQ:  Read bytes 78
ACQ:  Read bytes 4096
ACQ:  Read bytes 4094
ACQ:  Read bytes 4096
ACQ:  Read bytes 4096
ACQ:  Read bytes 4096
ACQ:  Read bytes 4094
ACQ:  Read bytes 4100
ACQ:  Read bytes 4094
ACQ:  Read bytes 4094
ACQ:  Read bytes 4098
ACQ:  Read bytes 4096
ACQ:  Read bytes 4096
ACQ:  Read bytes 4092
ACQ:  Read bytes 4098
ACQ:  Read bytes 4100
ACQ:  Read bytes 4018
ACQ:  Read bytes 74
ACQ:  Read bytes 4100
ACQ:  Read bytes 4098
ACQ:  Read bytes 4098
ACQ:  Read bytes 4096
ACQ:  Read bytes 4028
ACQ:  Read bytes 4112
ACQ:  Read bytes 4112
ACQ:  Read bytes 4112
ACQ:  Read bytes 4112
ACQ:  Read bytes 4094
ACQ:  Read bytes 4098
ACQ:  Read bytes 4098
ACQ:  Read bytes 4098
ACQ:  Read bytes 4092
ACQ:  Read bytes 4100
ACQ:  Read bytes 4014
ACQ:  Read bytes 74
ACQ:  Read bytes 4098
ACQ:  Read bytes 4096
ACQ:  Read bytes 4098
ACQ:  Read bytes 4096
ACQ:  Read bytes 4094
ACQ:  Read bytes 4100
ACQ:  Read bytes 4092
ACQ:  Read bytes 4094
ACQ:  Read bytes 4096
ACQ:  Read bytes 4100
ACQ:  Read bytes 4092
ACQ:  Read bytes 4098
ACQ:  Read bytes 4096
ACQ:  Read bytes 4100
ACQ:  Read bytes 4090
ACQ:  Read bytes 4022
ACQ:  Read bytes 76
ACQ:  Read bytes 4096
ACQ:  Read bytes 4098
ACQ:  Read bytes 4090
ACQ:  Read bytes 4096
ACQ:  Read bytes 4036
ACQ:  Read bytes 4112
ACQ:  Read bytes 4112
ACQ:  Read bytes 4112
ACQ:  Read bytes 4112
ACQ:  Read bytes 4092
ACQ:  Read bytes 4104
ACQ:  Read bytes 4090
ACQ:  Read bytes 4100
ACQ:  Read bytes 4092
ACQ:  Read bytes 4104
ACQ:  Read bytes 4014
ACQ:  Read bytes 76
ACQ:  Read bytes 4096
ACQ:  Read bytes 4098
ACQ:  Read bytes 4094
ACQ:  Read bytes 4096
ACQ:  Read bytes 4096
ACQ:  Read bytes 4094
ACQ:  Read bytes 4100
ACQ:  Read bytes 4160
ACQ:  Read bytes 4028
ACQ:  Read bytes 4100
ACQ:  Read bytes 4094
ACQ:  Read bytes 4094
ACQ:  Read bytes 4102
ACQ:  Read bytes 4090
ACQ:  Read bytes 4098
ACQ:  Read bytes 4020
ACQ:  Read bytes 76
ACQ:  Read bytes 4090
ACQ:  Read bytes 4104
ACQ:  Read bytes 4098
ACQ:  Read bytes 4092
ACQ:  Read bytes 4030
ACQ:  Read bytes 4112
ACQ:  Read bytes 4112
ACQ:  Read bytes 4112
ACQ:  Read bytes 4112
ACQ:  Read bytes 4094
ACQ:  Read bytes 4102
ACQ:  Read bytes 4096
ACQ:  Read bytes 4096
ACQ:  Read bytes 4100
ACQ:  Read bytes 4092
ACQ:  Read bytes 4018
ACQ:  Read bytes 82
ACQ:  Read bytes 4096
ACQ:  Read bytes 4092
ACQ:  Read bytes 4098
ACQ:  Read bytes 4096
ACQ:  Read bytes 4100
ACQ:  Read bytes 4092
ACQ:  Read bytes 4096
ACQ:  Read bytes 4088
ACQ:  Read bytes 4100
ACQ:  Read bytes 4100
ACQ:  Read bytes 4094
ACQ:  Read bytes 4098
ACQ:  Read bytes 4096
ACQ:  Read bytes 4094
ACQ:  Read bytes 4094
ACQ:  Read bytes 4020
ACQ:  Read bytes 74
ACQ:  Read bytes 4102
ACQ:  Read bytes 4092
ACQ:  Read bytes 4104
ACQ:  Read bytes 4094
ACQ:  Read bytes 4022
ACQ:  Read bytes 4112
ACQ:  Read bytes 4112
ACQ:  Read bytes 4112
ACQ:  Read bytes 4112
ACQ:  Read bytes 4104
ACQ:  Read bytes 4090
ACQ:  Read bytes 4094
ACQ:  Read bytes 4098
ACQ:  Read bytes 4096
ACQ:  Read bytes 4098
ACQ:  Read bytes 4020
ACQ:  Read bytes 72
ACQ:  Read bytes 4100
ACQ:  Read bytes 4098
ACQ:  Read bytes 4092
ACQ:  Read bytes 4098
ACQ:  Read bytes 4096
ACQ:  Read bytes 4094
ACQ:  Read bytes 4096
ACQ:  Read bytes 4100
ACQ:  Read bytes 4094
ACQ:  Read bytes 4092
ACQ:  Read bytes 4102
ACQ:  Read bytes 4096
ACQ:  Read bytes 4092
ACQ:  Read bytes 4100
ACQ:  Read bytes 4092
ACQ:  Read bytes 4022
ACQ:  Read bytes 74
ACQ:  Read bytes 4096
ACQ:  Read bytes 4100
ACQ:  Read bytes 4094
ACQ:  Read bytes 4092
ACQ:  Read bytes 4030
ACQ:  Read bytes 4112
ACQ:  Read bytes 4112
ACQ:  Read bytes 4112
ACQ:  Read bytes 4112
ACQ:  Read bytes 4102
ACQ:  Read bytes 4094
ACQ:  Read bytes 4100
ACQ:  Read bytes 4096
ACQ:  Read bytes 4094
ACQ:  Read bytes 4096
ACQ:  Read bytes 4020
ACQ:  Read bytes 78
ACQ:  Read bytes 4094
ACQ:  Read bytes 4094
ACQ:  Read bytes 4098
ACQ:  Read bytes 4096
ACQ:  Read bytes 4096
ACQ:  Read bytes 4094
ACQ:  Read bytes 4098
ACQ:  Read bytes 4094
ACQ:  Read bytes 4098
ACQ:  Read bytes 4094
ACQ:  Read bytes 4098
ACQ:  Read bytes 4094
ACQ:  Read bytes 4100
ACQ:  Read bytes 4092
ACQ:  Read bytes 4102
ACQ:  Read bytes 4016
ACQ:  Read bytes 76
ACQ:  Read bytes 4096
ACQ:  Read bytes 4094
ACQ:  Read bytes 4094
ACQ:  Read bytes 4098
ACQ:  Read bytes 4026
ACQ:  Read bytes 4112
ACQ:  Read bytes 4112
ACQ:  Read bytes 4112
ACQ:  Read bytes 4112
ACQ:  Read bytes 4104
ACQ:  Read bytes 4094
ACQ:  Read bytes 4096
ACQ:  Read bytes 4100
ACQ:  Read bytes 4096
ACQ:  Read bytes 4094
ACQ:  Read bytes 4020
ACQ:  Read bytes 78
ACQ:  Read bytes 4098
ACQ:  Read bytes 4088
ACQ:  Read bytes 4100
ACQ:  Read bytes 4098
ACQ:  Read bytes 4094
ACQ:  Read bytes 4096
ACQ:  Read bytes 4094
ACQ:  Read bytes 4098
ACQ:  Read bytes 4100
ACQ:  Read bytes 4092
ACQ:  Read bytes 4098
ACQ:  Read bytes 4094
ACQ:  Read bytes 4100
ACQ:  Read bytes 4092
ACQ:  Read bytes 4100
ACQ:  Read bytes 4016
ACQ:  Read bytes 76
ACQ:  Read bytes 4094
ACQ:  Read bytes 4096
ACQ:  Read bytes 4098
ACQ:  Read bytes 4094
ACQ:  Read bytes 4024
ACQ:  Read bytes 4112
ACQ:  Read bytes 4112
ACQ:  Read bytes 4112
ACQ:  Read bytes 4112
ACQ:  Read bytes 4108
ACQ:  Read bytes 4092
ACQ:  Read bytes 4100
ACQ:  Read bytes 4090
ACQ:  Read bytes 4102
ACQ:  Read bytes 4092
ACQ:  Read bytes 4022
ACQ:  Read bytes 74
ACQ:  Read bytes 4100
ACQ:  Read bytes 4092
ACQ:  Read bytes 4100
ACQ:  Read bytes 4094
ACQ:  Read bytes 4100
ACQ:  Read bytes 4094
ACQ:  Read bytes 4096
ACQ:  Read bytes 4094
ACQ:  Read bytes 4096
ACQ:  Read bytes 4094
ACQ:  Read bytes 4096
ACQ:  Read bytes 4098
ACQ:  Read bytes 4094
ACQ:  Read bytes 4100
ACQ:  Read bytes 4092
ACQ:  Read bytes 4022
ACQ:  Read bytes 78
ACQ:  Read bytes 4092
ACQ:  Read bytes 4100
ACQ:  Read bytes 4092
ACQ:  Read bytes 4098
ACQ:  Read bytes 4020
ACQ:  Read bytes 4112
ACQ:  Read bytes 4112
ACQ:  Read bytes 4112
ACQ:  Read bytes 4112
ACQ:  Read bytes 4112
ACQ:  Read bytes 4088
ACQ:  Read bytes 4098
ACQ:  Read bytes 4098
ACQ:  Read bytes 4094
ACQ:  Read bytes 4098
ACQ:  Read bytes 4020
ACQ:  Read bytes 76
ACQ:  Read bytes 4104
ACQ:  Read bytes 4086
ACQ:  Read bytes 4098
ACQ:  Read bytes 4096
ACQ:  Read bytes 4092
ACQ:  Read bytes 4098
ACQ:  Read bytes 4100
ACQ:  Read bytes 4098
ACQ:  Read bytes 4092
ACQ:  Read bytes 4094
ACQ:  Read bytes 4094
ACQ:  Read bytes 4098
ACQ:  Read bytes 4094
ACQ:  Read bytes 4100
ACQ:  Read bytes 4096
ACQ:  Read bytes 4020
ACQ:  Read bytes 74
ACQ:  Read bytes 4096
ACQ:  Read bytes 4096
ACQ:  Read bytes 4098
ACQ:  Read bytes 4098
ACQ:  Read bytes 4094
ACQ:  Read bytes 4034
ACQ:  Read bytes 4112
ACQ:  Read bytes 4112
ACQ:  Read bytes 4112
ACQ:  Read bytes 4108
ACQ:  Read bytes 4096
ACQ:  Read bytes 4096
ACQ:  Read bytes 4096
ACQ:  Read bytes 4094
ACQ:  Read bytes 4102
ACQ:  Read bytes 4018
ACQ:  Read bytes 74
ACQ:  Read bytes 4098
ACQ:  Read bytes 4106
ACQ:  Read bytes 4084
ACQ:  Read bytes 4098
ACQ:  Read bytes 4096
ACQ:  Read bytes 4096
ACQ:  Read bytes 4098
ACQ:  Read bytes 4092
ACQ:  Read bytes 4098
ACQ:  Read bytes 4094
ACQ:  Read bytes 4100
ACQ:  Read bytes 4094
ACQ:  Read bytes 4094
ACQ:  Read bytes 4098
ACQ:  Read bytes 4094
