
********* Sun Nov 26 11:15:32 2006 **********
MXONLINE received bytes 4 :Sun Nov 26 11:15:32 2006
MXONLINE server ok  :Sun Nov 26 11:15:32 2006
MXONLINE server nchan 2 :Sun Nov 26 11:15:32 2006

********* Sun Nov 26 11:16:01 2006 **********
MXONLINE received bytes 4 :Sun Nov 26 11:16:01 2006
MXONLINE server ok  :Sun Nov 26 11:16:01 2006
MXONLINE server nchan 2 :Sun Nov 26 11:16:01 2006

********* Sun Nov 26 11:18:30 2006 **********
MXONLINE received bytes 4 :Sun Nov 26 11:18:30 2006
MXONLINE server ok  :Sun Nov 26 11:18:30 2006
MXONLINE server nchan 2 :Sun Nov 26 11:18:30 2006

********* Sun Nov 26 11:38:51 2006 **********
MXONLINE received bytes 4 :Sun Nov 26 11:38:51 2006
MXONLINE server ok  :Sun Nov 26 11:38:51 2006
MXONLINE server nchan 2 :Sun Nov 26 11:38:51 2006

********* Sun Nov 26 12:47:13 2006 **********
MXONLINE buffer size (MB) 4.119873 
 :Sun Nov 26 12:47:13 2006
MXONLINE received bytes 4 :Sun Nov 26 12:47:13 2006
MXONLINE server ok  :Sun Nov 26 12:47:13 2006
MXONLINE server nchan 2 :Sun Nov 26 12:47:13 2006

********* Sun Nov 26 12:54:27 2006 **********
MXONLINE received bytes 4 :Sun Nov 26 12:54:27 2006
MXONLINE server ok  :Sun Nov 26 12:54:27 2006
MXONLINE server nchan 2 :Sun Nov 26 12:54:27 2006
MXONLINE buffer size (MB) 4.119873 
 :Sun Nov 26 12:54:27 2006

********* Sun Nov 26 12:55:23 2006 **********
MXONLINE received bytes 4 :Sun Nov 26 12:55:23 2006
MXONLINE server ok  :Sun Nov 26 12:55:23 2006
MXONLINE server nchan 2 :Sun Nov 26 12:55:23 2006
MXONLINE buffer size (MB) 4.119873 
 :Sun Nov 26 12:55:23 2006

********* Sun Nov 26 12:55:48 2006 **********
MXONLINE buffer size (MB) 4.119873 
 :Sun Nov 26 12:55:48 2006
MXONLINE received bytes 4 :Sun Nov 26 12:55:48 2006
MXONLINE server ok  :Sun Nov 26 12:55:48 2006
MXONLINE server nchan 2 :Sun Nov 26 12:55:48 2006

********* Sun Nov 26 12:56:14 2006 **********
MXONLINE received bytes 4 :Sun Nov 26 12:56:15 2006
MXONLINE server ok  :Sun Nov 26 12:56:15 2006
MXONLINE server nchan 2 :Sun Nov 26 12:56:15 2006
MXONLINE buffer size (MB) 4.119873 
 :Sun Nov 26 12:56:15 2006

********* Sun Nov 26 12:56:57 2006 **********
MXONLINE buffer size (MB) 4.119873 
 :Sun Nov 26 12:56:57 2006
MXONLINE received bytes 4 :Sun Nov 26 12:56:57 2006
MXONLINE server ok  :Sun Nov 26 12:56:57 2006
MXONLINE server nchan 2 :Sun Nov 26 12:56:57 2006

********* Sun Nov 26 12:57:55 2006 **********
MXONLINE buffer size (MB) 4.119873 
 :Sun Nov 26 12:57:55 2006
MXONLINE received bytes 4 :Sun Nov 26 12:57:55 2006
MXONLINE server ok  :Sun Nov 26 12:57:55 2006
MXONLINE server nchan 2 :Sun Nov 26 12:57:55 2006

********* Sun Nov 26 12:58:45 2006 **********
MXONLINE buffer size (MB) 4.119873 
 :Sun Nov 26 12:58:46 2006
MXONLINE received bytes 4 :Sun Nov 26 12:58:47 2006
MXONLINE server ok  :Sun Nov 26 12:58:47 2006
MXONLINE server nchan 2 :Sun Nov 26 12:58:47 2006

********* Sun Nov 26 13:03:57 2006 **********
MXONLINE buffer size (MB) 4.119873 
 :Sun Nov 26 13:03:58 2006
MXONLINE received bytes 4 :Sun Nov 26 13:03:58 2006
MXONLINE server ok  :Sun Nov 26 13:03:58 2006
MXONLINE server nchan 2 :Sun Nov 26 13:03:58 2006

********* Sun Nov 26 13:05:04 2006 **********
MXONLINE buffer size (MB) 4.119873 
 :Sun Nov 26 13:05:04 2006
MXONLINE received bytes 4 :Sun Nov 26 13:05:04 2006
MXONLINE server ok  :Sun Nov 26 13:05:04 2006
MXONLINE server nchan 2 :Sun Nov 26 13:05:04 2006

********* Sun Nov 26 13:06:42 2006 **********
MXONLINE buffer size (MB) 4.119873 
 :Sun Nov 26 13:06:42 2006
MXONLINE received bytes 4 :Sun Nov 26 13:06:42 2006
MXONLINE server ok  :Sun Nov 26 13:06:42 2006
MXONLINE server nchan 2 :Sun Nov 26 13:06:42 2006

********* Sun Nov 26 13:07:48 2006 **********
MXONLINE buffer size (MB) 4.119873 
 :Sun Nov 26 13:07:49 2006
MXONLINE received bytes 4 :Sun Nov 26 13:07:50 2006
MXONLINE server ok  :Sun Nov 26 13:07:50 2006
MXONLINE server nchan 2 :Sun Nov 26 13:07:50 2006

********* Sun Nov 26 13:12:20 2006 **********
MXONLINE buffer size (MB) 4.119873 
 :Sun Nov 26 13:12:20 2006
MXONLINE received bytes 4 :Sun Nov 26 13:12:21 2006
MXONLINE server ok  :Sun Nov 26 13:12:21 2006
MXONLINE server nchan 2 :Sun Nov 26 13:12:21 2006

********* Sun Nov 26 13:23:33 2006 **********
MXONLINE buffer size (MB) 4.119873 
 :Sun Nov 26 13:23:33 2006
MXONLINE received bytes 4 :Sun Nov 26 13:23:33 2006
MXONLINE server ok  :Sun Nov 26 13:23:33 2006
MXONLINE server nchan 2 :Sun Nov 26 13:23:33 2006

********* Sun Nov 26 13:24:56 2006 **********
MXONLINE buffer size (MB) 4.119873 
 :Sun Nov 26 13:24:56 2006
MXONLINE received bytes 4 :Sun Nov 26 13:24:56 2006
MXONLINE server ok  :Sun Nov 26 13:24:56 2006
MXONLINE server nchan 2 :Sun Nov 26 13:24:56 2006

********* Sun Nov 26 13:26:04 2006 **********
MXONLINE buffer size (MB) 4.119873 
 :Sun Nov 26 13:26:04 2006
MXONLINE received bytes 4 :Sun Nov 26 13:26:04 2006
MXONLINE server ok  :Sun Nov 26 13:26:04 2006
MXONLINE server nchan 2 :Sun Nov 26 13:26:04 2006

********* Sun Nov 26 14:35:50 2006 **********
MXONLINE buffer size (MB) 4.119873 
 :Sun Nov 26 14:35:50 2006
MXONLINE received bytes 4 :Sun Nov 26 14:35:50 2006
MXONLINE server ok  :Sun Nov 26 14:35:50 2006
MXONLINE server nchan 2 :Sun Nov 26 14:35:50 2006

********* Sun Nov 26 14:37:43 2006 **********
MXONLINE buffer size (MB) 4.119873 
 :Sun Nov 26 14:37:43 2006
MXONLINE received bytes 4 :Sun Nov 26 14:37:43 2006
MXONLINE server ok  :Sun Nov 26 14:37:43 2006
MXONLINE server nchan 2 :Sun Nov 26 14:37:43 2006

********* Sun Nov 26 15:01:43 2006 **********
MXONLINE buffer size (MB) 4.119873 
 :Sun Nov 26 15:01:43 2006
MXONLINE received bytes 4 :Sun Nov 26 15:01:43 2006
MXONLINE server ok  :Sun Nov 26 15:01:43 2006
MXONLINE server nchan 2 :Sun Nov 26 15:01:43 2006

********* Sun Nov 26 15:04:18 2006 **********
MXONLINE buffer size (MB) 4.119873 
 :Sun Nov 26 15:04:18 2006
MXONLINE received bytes 4 :Sun Nov 26 15:04:18 2006
MXONLINE server ok  :Sun Nov 26 15:04:18 2006
MXONLINE server nchan 2 :Sun Nov 26 15:04:18 2006

********* Mon Nov 27 04:37:11 2006 **********
MXONLINE received bytes 4 :Mon Nov 27 04:37:11 2006
MXONLINE server ok  :Mon Nov 27 04:37:11 2006
MXONLINE server nchan 2 :Mon Nov 27 04:37:11 2006
MXONLINE buffer size (MB) 1.831055 
 :Mon Nov 27 04:37:11 2006

********* Mon Nov 27 04:38:37 2006 **********
MXONLINE received bytes 4 :Mon Nov 27 04:38:37 2006
MXONLINE server ok  :Mon Nov 27 04:38:37 2006
MXONLINE server nchan 2 :Mon Nov 27 04:38:37 2006
MXONLINE buffer size (MB) 1.831055 
 :Mon Nov 27 04:38:37 2006

********* Mon Nov 27 04:42:57 2006 **********
MXONLINE received bytes 4 :Mon Nov 27 04:42:57 2006
MXONLINE server ok  :Mon Nov 27 04:42:57 2006
MXONLINE server nchan 2 :Mon Nov 27 04:42:57 2006
MXONLINE buffer size (MB) 1.831055 
 :Mon Nov 27 04:42:57 2006

********* Mon Nov 27 04:45:15 2006 **********
MXONLINE received bytes 4 :Mon Nov 27 04:45:15 2006
MXONLINE server ok  :Mon Nov 27 04:45:15 2006
MXONLINE server nchan 2 :Mon Nov 27 04:45:15 2006
MXONLINE buffer size (MB) 1.831055 
 :Mon Nov 27 04:45:15 2006

********* Mon Dec  4 16:31:22 2006 **********
MXONLINE buffer size (MB) 1.831055 
 :Mon Dec  4 16:31:22 2006
MXONLINE received bytes 4 :Mon Dec  4 16:31:22 2006
MXONLINE server ok  :Mon Dec  4 16:31:22 2006
MXONLINE server nchan 2 :Mon Dec  4 16:31:22 2006

********* Mon Dec  4 16:33:04 2006 **********
MXONLINE received bytes 4 :Mon Dec  4 16:33:04 2006
MXONLINE server ok  :Mon Dec  4 16:33:04 2006
MXONLINE server nchan 2 :Mon Dec  4 16:33:04 2006
MXONLINE buffer size (MB) 1.831055 
 :Mon Dec  4 16:33:04 2006

********* Mon Dec  4 16:36:47 2006 **********
MXONLINE received bytes 4 :Mon Dec  4 16:36:47 2006
MXONLINE server ok  :Mon Dec  4 16:36:47 2006
MXONLINE server nchan 2 :Mon Dec  4 16:36:47 2006
MXONLINE buffer size (MB) 1.831055 
 :Mon Dec  4 16:36:47 2006

********* Mon Dec  4 16:39:18 2006 **********
MXONLINE received bytes 4 :Mon Dec  4 16:39:18 2006
MXONLINE server ok  :Mon Dec  4 16:39:18 2006
MXONLINE server nchan 2 :Mon Dec  4 16:39:18 2006
MXONLINE buffer size (MB) 1.831055 
 :Mon Dec  4 16:39:18 2006

********* Mon Dec  4 16:41:31 2006 **********
MXONLINE received bytes 4 :Mon Dec  4 16:41:31 2006
MXONLINE server ok  :Mon Dec  4 16:41:31 2006
MXONLINE server nchan 2 :Mon Dec  4 16:41:31 2006
MXONLINE buffer size (MB) 1.831055 
 :Mon Dec  4 16:41:31 2006

********* Mon Dec  4 16:44:55 2006 **********
MXONLINE received bytes 4 :Mon Dec  4 16:44:55 2006
MXONLINE server ok  :Mon Dec  4 16:44:55 2006
MXONLINE server nchan 2 :Mon Dec  4 16:44:55 2006
MXONLINE buffer size (MB) 1.831055 
 :Mon Dec  4 16:44:55 2006

********* Mon Dec  4 16:48:37 2006 **********
MXONLINE received bytes 4 :Mon Dec  4 16:48:37 2006
MXONLINE server ok  :Mon Dec  4 16:48:37 2006
MXONLINE server nchan 2 :Mon Dec  4 16:48:37 2006
MXONLINE buffer size (MB) 1.831055 
 :Mon Dec  4 16:48:37 2006

********* Mon Dec  4 16:55:19 2006 **********
MXONLINE received bytes 4 :Mon Dec  4 16:55:19 2006
MXONLINE server ok  :Mon Dec  4 16:55:19 2006
MXONLINE server nchan 2 :Mon Dec  4 16:55:19 2006
MXONLINE buffer size (MB) 1.831055 
 :Mon Dec  4 16:55:19 2006

********* Mon Dec  4 17:06:26 2006 **********
MXONLINE received bytes 4 :Mon Dec  4 17:06:26 2006
MXONLINE server ok  :Mon Dec  4 17:06:26 2006
MXONLINE server nchan 2 :Mon Dec  4 17:06:26 2006
MXONLINE buffer size (MB) 1.831055 
 :Mon Dec  4 17:06:26 2006

********* Mon Dec  4 17:09:08 2006 **********
MXONLINE received bytes 4 :Mon Dec  4 17:09:08 2006
MXONLINE server ok  :Mon Dec  4 17:09:08 2006
MXONLINE server nchan 2 :Mon Dec  4 17:09:08 2006
MXONLINE buffer size (MB) 1.831055 
 :Mon Dec  4 17:09:08 2006

********* Mon Dec  4 17:12:41 2006 **********
MXONLINE received bytes 4 :Mon Dec  4 17:12:41 2006
MXONLINE server ok  :Mon Dec  4 17:12:41 2006
MXONLINE server nchan 2 :Mon Dec  4 17:12:41 2006
MXONLINE buffer size (MB) 1.831055 
 :Mon Dec  4 17:12:41 2006

********* Mon Dec  4 17:31:21 2006 **********
MXONLINE received bytes 4 :Mon Dec  4 17:31:21 2006
MXONLINE server ok  :Mon Dec  4 17:31:21 2006
MXONLINE server nchan 2 :Mon Dec  4 17:31:21 2006
MXONLINE buffer size (MB) 1.831055 
 :Mon Dec  4 17:31:21 2006

********* Mon Dec  4 17:35:05 2006 **********
MXONLINE received bytes 4 :Mon Dec  4 17:35:05 2006
MXONLINE server ok  :Mon Dec  4 17:35:05 2006
MXONLINE server nchan 2 :Mon Dec  4 17:35:05 2006
MXONLINE buffer size (MB) 1.831055 
 :Mon Dec  4 17:35:05 2006

********* Mon Dec  4 17:43:59 2006 **********
MXONLINE received bytes 4 :Mon Dec  4 17:43:59 2006
MXONLINE server ok  :Mon Dec  4 17:43:59 2006
MXONLINE server nchan 2 :Mon Dec  4 17:43:59 2006
MXONLINE buffer size (MB) 1.831055 
 :Mon Dec  4 17:43:59 2006

********* Mon Dec  4 17:45:06 2006 **********
MXONLINE received bytes 4 :Mon Dec  4 17:45:06 2006
MXONLINE server ok  :Mon Dec  4 17:45:06 2006
MXONLINE server nchan 2 :Mon Dec  4 17:45:06 2006
MXONLINE buffer size (MB) 1.831055 
 :Mon Dec  4 17:45:06 2006

********* Mon Dec  4 17:47:18 2006 **********
MXONLINE received bytes 4 :Mon Dec  4 17:47:18 2006
MXONLINE server ok  :Mon Dec  4 17:47:18 2006
MXONLINE server nchan 2 :Mon Dec  4 17:47:18 2006
MXONLINE buffer size (MB) 1.831055 
 :Mon Dec  4 17:47:18 2006

********* Mon Dec  4 17:51:31 2006 **********
MXONLINE received bytes 4 :Mon Dec  4 17:51:31 2006
MXONLINE server ok  :Mon Dec  4 17:51:31 2006
MXONLINE server nchan 2 :Mon Dec  4 17:51:31 2006
MXONLINE buffer size (MB) 1.831055 
 :Mon Dec  4 17:51:31 2006

********* Mon Dec  4 17:56:54 2006 **********
MXONLINE received bytes 4 :Mon Dec  4 17:56:54 2006
MXONLINE server ok  :Mon Dec  4 17:56:54 2006
MXONLINE server nchan 2 :Mon Dec  4 17:56:54 2006
MXONLINE buffer size (MB) 1.831055 
 :Mon Dec  4 17:56:54 2006

********* Mon Dec  4 17:58:55 2006 **********
MXONLINE received bytes 4 :Mon Dec  4 17:58:55 2006
MXONLINE server ok  :Mon Dec  4 17:58:55 2006
MXONLINE server nchan 2 :Mon Dec  4 17:58:55 2006
MXONLINE buffer size (MB) 1.831055 
 :Mon Dec  4 17:58:55 2006

********* Mon Dec  4 18:00:56 2006 **********
MXONLINE received bytes 4 :Mon Dec  4 18:00:56 2006
MXONLINE server ok  :Mon Dec  4 18:00:56 2006
MXONLINE server nchan 2 :Mon Dec  4 18:00:56 2006
MXONLINE buffer size (MB) 1.831055 
 :Mon Dec  4 18:00:56 2006

********* Mon Dec  4 18:09:03 2006 **********
MXONLINE received bytes 4 :Mon Dec  4 18:09:03 2006
MXONLINE server ok  :Mon Dec  4 18:09:03 2006
MXONLINE server nchan 2 :Mon Dec  4 18:09:03 2006
MXONLINE buffer size (MB) 1.831055 
 :Mon Dec  4 18:09:03 2006

********* Mon Dec  4 18:10:10 2006 **********
MXONLINE received bytes 4 :Mon Dec  4 18:10:10 2006
MXONLINE server ok  :Mon Dec  4 18:10:10 2006
MXONLINE server nchan 2 :Mon Dec  4 18:10:10 2006
MXONLINE buffer size (MB) 1.831055 
 :Mon Dec  4 18:10:11 2006

********* Mon Dec  4 18:13:27 2006 **********
MXONLINE received bytes 4 :Mon Dec  4 18:13:27 2006
MXONLINE server ok  :Mon Dec  4 18:13:27 2006
MXONLINE server nchan 2 :Mon Dec  4 18:13:27 2006
MXONLINE buffer size (MB) 1.831055 
 :Mon Dec  4 18:13:27 2006

********* Mon Dec  4 18:14:31 2006 **********
MXONLINE received bytes 4 :Mon Dec  4 18:14:31 2006
MXONLINE server ok  :Mon Dec  4 18:14:31 2006
MXONLINE server nchan 2 :Mon Dec  4 18:14:31 2006
MXONLINE buffer size (MB) 1.831055 
 :Mon Dec  4 18:14:31 2006

********* Mon Dec  4 18:17:56 2006 **********
MXONLINE received bytes 4 :Mon Dec  4 18:17:56 2006
MXONLINE server ok  :Mon Dec  4 18:17:56 2006
MXONLINE server nchan 2 :Mon Dec  4 18:17:56 2006
MXONLINE buffer size (MB) 1.831055 
 :Mon Dec  4 18:17:56 2006

********* Mon Dec  4 18:20:18 2006 **********
MXONLINE received bytes 4 :Mon Dec  4 18:20:18 2006
MXONLINE server ok  :Mon Dec  4 18:20:18 2006
MXONLINE server nchan 2 :Mon Dec  4 18:20:18 2006
MXONLINE buffer size (MB) 1.831055 
 :Mon Dec  4 18:20:18 2006

********* Mon Dec  4 18:23:09 2006 **********
MXONLINE received bytes 4 :Mon Dec  4 18:23:09 2006
MXONLINE server ok  :Mon Dec  4 18:23:09 2006
MXONLINE server nchan 2 :Mon Dec  4 18:23:09 2006
MXONLINE buffer size (MB) 1.831055 
 :Mon Dec  4 18:23:09 2006
